[1125/103329:ERROR:process_reader_win.cc(142)] SuspendThread: 拒绝访问。 (0x5)
[1125/103329:ERROR:process_reader_win.cc(142)] SuspendThread: 拒绝访问。 (0x5)
[1125/103329:ERROR:process_reader_win.cc(142)] SuspendThread: 拒绝访问。 (0x5)
[1125/103329:ERROR:process_reader_win.cc(142)] SuspendThread: 拒绝访问。 (0x5)
[1125/103329:ERROR:process_reader_win.cc(142)] SuspendThread: 拒绝访问。 (0x5)
[1125/103329:ERROR:process_reader_win.cc(142)] SuspendThread: 拒绝访问。 (0x5)
[1125/103329:ERROR:process_reader_win.cc(142)] SuspendThread: 拒绝访问。 (0x5)
[1125/103329:ERROR:process_reader_win.cc(142)] SuspendThread: 拒绝访问。 (0x5)
[1125/103329:ERROR:process_reader_win.cc(142)] SuspendThread: 拒绝访问。 (0x5)
[1125/103329:ERROR:process_reader_win.cc(142)] SuspendThread: 拒绝访问。 (0x5)
[1125/103330:ERROR:process_info.cc(330)] VirtualQueryEx: 拒绝访问。 (0x5)
[1125/103330:ERROR:process_info.cc(547)] ReadMemoryInfo failed
[1125/103330:ERROR:process_reader_win.cc(142)] SuspendThread: 拒绝访问。 (0x5)
[1125/103330:ERROR:exception_snapshot_win.cc(87)] thread ID 10792 not found in process
[1125/103330:WARNING:crash_report_exception_handler.cc(56)] ProcessSnapshotWin::Initialize failed
[1125/103330:ERROR:scoped_process_suspend.cc(38)] NtResumeProcess: 已尝试访问正在退出的过程。  (0xc000010a)
[1126/151046:ERROR:process_info.cc(330)] VirtualQueryEx: 拒绝访问。 (0x5)
[1126/151046:ERROR:process_info.cc(547)] ReadMemoryInfo failed
[1126/151046:ERROR:process_reader_win.cc(142)] SuspendThread: 拒绝访问。 (0x5)
[1126/151046:ERROR:exception_snapshot_win.cc(87)] thread ID 10828 not found in process
[1126/151046:WARNING:crash_report_exception_handler.cc(56)] ProcessSnapshotWin::Initialize failed
[1126/151046:ERROR:scoped_process_suspend.cc(38)] NtResumeProcess: 已尝试访问正在退出的过程。  (0xc000010a)
